<?xml version="1.0" encoding="UTF-8"?>
<!-- Generated by org.testng.reporters.JUnitReportReporter -->
<testsuite hostname="DESKTOP-VI4837A" failures="0" tests="1" name="testcases.T03_registrationpageValidation" time="12.497" errors="0" timestamp="2024-04-14T22:22:37 EDT" skipped="0">
  <testcase classname="testcases.T03_registrationpageValidation" name="loginpage" time="12.497"/>
</testsuite> <!-- testcases.T03_registrationpageValidation -->
