<?xml version="1.0" encoding="UTF-8"?>
<!-- Generated by org.testng.reporters.JUnitReportReporter -->
<testsuite hostname="DESKTOP-VI4837A" failures="0" tests="1" name="testcases.T01_homepageValidation" time="11.422" errors="0" timestamp="2024-05-01T10:23:18 EDT" skipped="0">
  <testcase classname="testcases.T01_homepageValidation" name="homepage" time="11.422"/>
</testsuite> <!-- testcases.T01_homepageValidation -->
