<?xml version="1.0" encoding="UTF-8"?>
<!-- Generated by org.testng.reporters.JUnitReportReporter -->
<testsuite hostname="DESKTOP-VI4837A" failures="0" tests="1" name="testcases.T02_loginpageValidation" time="11.393" errors="0" timestamp="2024-04-14T22:22:37 EDT" skipped="0">
  <testcase classname="testcases.T02_loginpageValidation" name="loginpage" time="11.393"/>
</testsuite> <!-- testcases.T02_loginpageValidation -->
